<?xml version="1.0" encoding="UTF-8"?>
<!-- Generated by org.testng.reporters.JUnitReportReporter -->
<testsuite ignored="0" hostname="Latitude-E6320" failures="0" tests="1" name="MarchBatchPracticeSelenium.MarchPractic.class_2" time="0.002" errors="0" timestamp="18 Jun 2024 22:04:01 GMT" skipped="0">
  <testcase classname="MarchBatchPracticeSelenium.MarchPractic.class_2" name="xyz" time="0.002"/>
</testsuite> <!-- MarchBatchPracticeSelenium.MarchPractic.class_2 -->
