<?xml version="1.0" encoding="UTF-8"?>
<!-- Generated by org.testng.reporters.JUnitReportReporter -->
<testsuite ignored="1" hostname="Latitude-E6320" failures="0" tests="3" name="MarchBatchPracticeSelenium.MarchPractic.testngExample" time="0.023" errors="0" timestamp="18 Jun 2024 03:28:51 GMT" skipped="0">
  <testcase classname="MarchBatchPracticeSelenium.MarchPractic.testngExample" name="testCase2" time="0.006"/>
  <testcase classname="MarchBatchPracticeSelenium.MarchPractic.testngExample" name="testCase_dependency" time="0.011"/>
  <testcase classname="MarchBatchPracticeSelenium.MarchPractic.testngExample" name="testCase3" time="0.006"/>
  <testcase classname="MarchBatchPracticeSelenium.MarchPractic.testngExample" name="testCase1">
    <skipped/>
  </testcase> <!-- testCase1 -->
</testsuite> <!-- MarchBatchPracticeSelenium.MarchPractic.testngExample -->
